<?xml version="1.0" encoding="UTF-8"?>
<!-- Generated by org.testng.reporters.JUnitXMLReporter -->
<testsuite ignored="0" hostname="selenium22" failures="0" tests="3" name="Default test" time="17.472" errors="0" timestamp="2024-12-21T15:57:47 IST">
  <testcase classname="TestScript.Artical_Test_Main" name="loginTest" time="1.79"/>
  <testcase classname="TestScript.Artical_Test_Main" name="new_Articale" time="6.193"/>
  <testcase classname="TestScript.Artical_Test_Main" name="edit_article" time="8.899"/>
</testsuite> <!-- Default test -->
