<?xml version="1.0" encoding="UTF-8"?>
<testng-results ignored="0" total="3" passed="3" failed="0" skipped="0">
  <reporter-output>
  </reporter-output>
  <suite started-at="2024-12-21T15:57:29 IST" name="Default suite" finished-at="2024-12-21T15:57:46 IST" duration-ms="17472">
    <groups>
    </groups>
    <test started-at="2024-12-21T15:57:29 IST" name="Default test" finished-at="2024-12-21T15:57:46 IST" duration-ms="17472">
      <class name="TestScript.Artical_Test_Main">
        <test-method is-config="true" signature="setup()[pri:0, instance:TestScript.Artical_Test_Main@42e3ede4]" started-at="2024-12-21T15:57:29 IST" name="setup" finished-at="2024-12-21T15:57:30 IST" duration-ms="493" status="PASS">
          <reporter-output>
          </reporter-output>
        </test-method> <!-- setup -->
        <test-method signature="loginTest()[pri:1, instance:TestScript.Artical_Test_Main@42e3ede4]" started-at="2024-12-21T15:57:30 IST" name="loginTest" finished-at="2024-12-21T15:57:31 IST" duration-ms="1790" status="PASS">
          <reporter-output>
          </reporter-output>
        </test-method> <!-- loginTest -->
        <test-method signature="new_Articale()[pri:2, instance:TestScript.Artical_Test_Main@42e3ede4]" started-at="2024-12-21T15:57:31 IST" name="new_Articale" finished-at="2024-12-21T15:57:38 IST" duration-ms="6193" status="PASS">
          <reporter-output>
          </reporter-output>
        </test-method> <!-- new_Articale -->
        <test-method signature="edit_article()[pri:3, instance:TestScript.Artical_Test_Main@42e3ede4]" started-at="2024-12-21T15:57:38 IST" name="edit_article" finished-at="2024-12-21T15:57:46 IST" duration-ms="8899" status="PASS">
          <reporter-output>
          </reporter-output>
        </test-method> <!-- edit_article -->
      </class> <!-- TestScript.Artical_Test_Main -->
    </test> <!-- Default test -->
  </suite> <!-- Default suite -->
</testng-results>
